Flutter crash report; please file at https://github.com/flutter/flutter/issues.

## command

flutter run

## exception

FileSystemException: FileSystemException: Cannot create file, path = 'build/app.dill' (OS Error: Permission denied, errno = 13)

```
#0      _File.throwIfError (dart:io/file_impl.dart:643:7)
#1      _File.createSync (dart:io/file_impl.dart:281:5)
#2      ForwardingFile.createSync (package:file/src/forwarding/forwarding_file.dart:24:16)
#3      new ResidentRunner (package:flutter_tools/src/resident_runner.dart:557:18)
#4      new HotRunner (package:flutter_tools/src/run_hot.dart:70:8)
#5      RunCommand.runCommand (package:flutter_tools/src/commands/run.dart:417:16)
<asynchronous suspension>
#6      FlutterCommand.verifyThenRunCommand (package:flutter_tools/src/runner/flutter_command.dart:490:18)
#7      _asyncThenWrapperHelper.<anonymous closure> (dart:async-patch/async_patch.dart:71:64)
#8      _rootRunUnary (dart:async/zone.dart:1132:38)
#9      _CustomZone.runUnary (dart:async/zone.dart:1029:19)
#10     _FutureListener.handleValue (dart:async/future_impl.dart:137:18)
#11     Future._propagateToListeners.handleValueCallback (dart:async/future_impl.dart:678:45)
#12     Future._propagateToListeners (dart:async/future_impl.dart:707:32)
#13     Future._completeWithValue (dart:async/future_impl.dart:522:5)
#14     _AsyncAwaitCompleter.complete (dart:async-patch/async_patch.dart:30:15)
#15     _completeOnAsyncReturn (dart:async-patch/async_patch.dart:288:13)
#16     RunCommand.usageValues (package:flutter_tools/src/commands/run.dart)
#17     _asyncThenWrapperHelper.<anonymous closure> (dart:async-patch/async_patch.dart:71:64)
#18     _rootRunUnary (dart:async/zone.dart:1132:38)
#19     _CustomZone.runUnary (dart:async/zone.dart:1029:19)
#20     _FutureListener.handleValue (dart:async/future_impl.dart:137:18)
#21     Future._propagateToListeners.handleValueCallback (dart:async/future_impl.dart:678:45)
#22     Future._propagateToListeners (dart:async/future_impl.dart:707:32)
#23     Future._completeWithValue (dart:async/future_impl.dart:522:5)
#24     _AsyncAwaitCompleter.complete (dart:async-patch/async_patch.dart:30:15)
#25     _completeOnAsyncReturn (dart:async-patch/async_patch.dart:288:13)
#26     AndroidDevice.isLocalEmulator (package:flutter_tools/src/android/android_device.dart)
#27     _asyncThenWrapperHelper.<anonymous closure> (dart:async-patch/async_patch.dart:71:64)
#28     _rootRunUnary (dart:async/zone.dart:1132:38)
#29     _CustomZone.runUnary (dart:async/zone.dart:1029:19)
#30     _FutureListener.handleValue (dart:async/future_impl.dart:137:18)
#31     Future._propagateToListeners.handleValueCallback (dart:async/future_impl.dart:678:45)
#32     Future._propagateToListeners (dart:async/future_impl.dart:707:32)
#33     Future._completeWithValue (dart:async/future_impl.dart:522:5)
#34     Future._asyncComplete.<anonymous closure> (dart:async/future_impl.dart:552:7)
#35     _rootRun (dart:async/zone.dart:1124:13)
#36     _CustomZone.run (dart:async/zone.dart:1021:19)
#37     _CustomZone.runGuarded (dart:async/zone.dart:923:7)
#38     _CustomZone.bindCallbackGuarded.<anonymous closure> (dart:async/zone.dart:963:23)
#39     _microtaskLoop (dart:async/schedule_microtask.dart:41:21)
#40     _startMicrotaskLoop (dart:async/schedule_microtask.dart:50:5)
#41     _runPendingImmediateCallback (dart:isolate-patch/isolate_patch.dart:116:13)
#42     _RawReceivePortImpl._handleMessage (dart:isolate-patch/isolate_patch.dart:173:5)
```

## flutter doctor

```
[32m[✓][39m Flutter (Channel stable, v1.9.1+hotfix.2, on Mac OS X 10.14.6 18G95, locale
    pt-PT)
    [32m•[39m Flutter version 1.9.1+hotfix.2 at /Users/vascomartins/flutter
    [32m•[39m Framework revision 2d2a1ffec9 (2 weeks ago), 2019-09-06 18:39:49 -0700
    [32m•[39m Engine revision b863200c37
    [32m•[39m Dart version 2.5.0

[33m[!][39m Android toolchain - develop for Android devices (Android SDK version 29.0.2)
    [32m•[39m Android SDK at /Users/vascomartins/Library/Android/sdk
    [32m•[39m Android NDK location not configured (optional; useful for native profiling
      support)
    [32m•[39m Platform android-29, build-tools 29.0.2
    [32m•[39m Java binary at: /Applications/Android
      Studio.app/Contents/jre/jdk/Contents/Home/bin/java
    [32m•[39m Java version OpenJDK Runtime Environment (build
      1.8.0_202-release-1483-b49-5587405)
    [33m![39m Some Android licenses not accepted.  To resolve this, run: flutter doctor
      --android-licenses

[31m[✗][39m Xcode - develop for iOS and macOS
    [31m✗[39m Xcode installation is incomplete; a full installation is necessary for iOS
      development.
      Download at: https://developer.apple.com/xcode/download/
      Or install Xcode via the App Store.
      Once installed, run:
        sudo xcode-select --switch /Applications/Xcode.app/Contents/Developer
    [31m✗[39m CocoaPods not installed.
        CocoaPods is used to retrieve the iOS and macOS platform side's plugin
        code that responds to your plugin usage on the Dart side.
        Without CocoaPods, plugins will not work on iOS or macOS.
        For more info, see https://flutter.dev/platform-plugins
      To install:
        sudo gem install cocoapods
        pod setup

[32m[✓][39m Android Studio (version 3.5)
    [32m•[39m Android Studio at /Applications/Android Studio.app/Contents
    [32m•[39m Flutter plugin version 39.0.3
    [32m•[39m Dart plugin version 191.8423
    [32m•[39m Java version OpenJDK Runtime Environment (build
      1.8.0_202-release-1483-b49-5587405)

[32m[✓][39m VS Code (version 1.38.1)
    [32m•[39m VS Code at /Applications/Visual Studio Code.app/Contents
    [32m•[39m Flutter extension version 3.4.1

[32m[✓][39m Connected device (1 available)
    [32m•[39m Android SDK built for x86 • emulator-5554 • android-x86 • Android 9 (API
      28) (emulator)

[33m![39m Doctor found issues in 2 categories.
```
